2023-02-14 12:52:47,407 INFO  [org.jboss.modules] (main) JBoss Modules version 2.0.2.Final
2023-02-14 12:52:48,088 INFO  [org.jboss.msc] (main) JBoss MSC version 1.4.13.Final
2023-02-14 12:52:48,104 INFO  [org.jboss.threads] (main) JBoss Threads version 2.4.0.Final
2023-02-14 12:52:48,294 INFO  [org.jboss.as] (MSC service thread 1-2) WFLYSRV0049: Keycloak 18.0.0 (WildFly Core 18.1.0.Final) starting
2023-02-14 12:52:48,296 DEBUG [org.jboss.as.config] (MSC service thread 1-2) Configured system properties:
	[Standalone] = 
	awt.toolkit = sun.lwawt.macosx.LWCToolkit
	file.encoding = UTF-8
	file.encoding.pkg = sun.io
	file.separator = /
	ftp.nonProxyHosts = local|*.local|169.254/16|*.169.254/16
	gopherProxySet = false
	http.nonProxyHosts = local|*.local|169.254/16|*.169.254/16
	java.awt.graphicsenv = sun.awt.CGraphicsEnvironment
	java.awt.headless = true
	java.awt.printerjob = sun.lwawt.macosx.CPrinterJob
	java.class.path = /Volumes/disque-extension/Temporaire/keycloak-18.0.0/jboss-modules.jar
	java.class.version = 52.0
	java.endorsed.dirs = /Library/Java/JavaVirtualMachines/jdk1.8.0_202.jdk/Contents/Home/jre/lib/endorsed
	java.ext.dirs = /Users/diouf/Library/Java/Extensions:/Library/Java/JavaVirtualMachines/jdk1.8.0_202.jdk/Contents/Home/jre/lib/ext:/Library/Java/Extensions:/Network/Library/Java/Extensions:/System/Library/Java/Extensions:/usr/lib/java
	java.home = /Library/Java/JavaVirtualMachines/jdk1.8.0_202.jdk/Contents/Home/jre
	java.io.tmpdir = /var/folders/s_/_rlmpg1158l5rxm9b24dlm9w0000gn/T/
	java.library.path = /Users/diouf/Library/Java/Extensions:/Library/Java/Extensions:/Network/Library/Java/Extensions:/System/Library/Java/Extensions:/usr/lib/java:.
	java.net.preferIPv4Stack = true
	java.runtime.name = Java(TM) SE Runtime Environment
	java.runtime.version = 1.8.0_202-b08
	java.specification.name = Java Platform API Specification
	java.specification.vendor = Oracle Corporation
	java.specification.version = 1.8
	java.util.logging.manager = org.jboss.logmanager.LogManager
	java.vendor = Oracle Corporation
	java.vendor.url = http://java.oracle.com/
	java.vendor.url.bug = http://bugreport.sun.com/bugreport/
	java.version = 1.8.0_202
	java.vm.info = mixed mode
	java.vm.name = Java HotSpot(TM) 64-Bit Server VM
	java.vm.specification.name = Java Virtual Machine Specification
	java.vm.specification.vendor = Oracle Corporation
	java.vm.specification.version = 1.8
	java.vm.vendor = Oracle Corporation
	java.vm.version = 25.202-b08
	javax.management.builder.initial = org.jboss.as.jmx.PluggableMBeanServerBuilder
	jboss.bind.address = 0.0.0.0
	jboss.home.dir = /Volumes/disque-extension/Temporaire/keycloak-18.0.0
	jboss.host.name = dioufs-mbp
	jboss.modules.dir = /Volumes/disque-extension/Temporaire/keycloak-18.0.0/modules
	jboss.modules.system.pkgs = org.jboss.byteman
	jboss.node.name = dioufs-mbp
	jboss.qualified.host.name = dioufs-mbp
	jboss.server.base.dir = /Volumes/disque-extension/Temporaire/keycloak-18.0.0/standalone
	jboss.server.config.dir = /Volumes/disque-extension/Temporaire/keycloak-18.0.0/standalone/configuration
	jboss.server.data.dir = /Volumes/disque-extension/Temporaire/keycloak-18.0.0/standalone/data
	jboss.server.deploy.dir = /Volumes/disque-extension/Temporaire/keycloak-18.0.0/standalone/data/content
	jboss.server.log.dir = /Volumes/disque-extension/Temporaire/keycloak-18.0.0/standalone/log
	jboss.server.name = dioufs-mbp
	jboss.server.persist.config = true
	jboss.server.temp.dir = /Volumes/disque-extension/Temporaire/keycloak-18.0.0/standalone/tmp
	jboss.socket.binding.port-offset = 1000
	line.separator = 

	logging.configuration = file:/Volumes/disque-extension/Temporaire/keycloak-18.0.0/standalone/configuration/logging.properties
	module.path = /Volumes/disque-extension/Temporaire/keycloak-18.0.0/modules
	org.jboss.boot.log.file = /Volumes/disque-extension/Temporaire/keycloak-18.0.0/standalone/log/server.log
	org.jboss.resolver.warning = true
	os.arch = x86_64
	os.name = Mac OS X
	os.version = 10.16
	path.separator = :
	socksNonProxyHosts = local|*.local|169.254/16|*.169.254/16
	sun.arch.data.model = 64
	sun.boot.class.path = /Library/Java/JavaVirtualMachines/jdk1.8.0_202.jdk/Contents/Home/jre/lib/resources.jar:/Library/Java/JavaVirtualMachines/jdk1.8.0_202.jdk/Contents/Home/jre/lib/rt.jar:/Library/Java/JavaVirtualMachines/jdk1.8.0_202.jdk/Contents/Home/jre/lib/sunrsasign.jar:/Library/Java/JavaVirtualMachines/jdk1.8.0_202.jdk/Contents/Home/jre/lib/jsse.jar:/Library/Java/JavaVirtualMachines/jdk1.8.0_202.jdk/Contents/Home/jre/lib/jce.jar:/Library/Java/JavaVirtualMachines/jdk1.8.0_202.jdk/Contents/Home/jre/lib/charsets.jar:/Library/Java/JavaVirtualMachines/jdk1.8.0_202.jdk/Contents/Home/jre/lib/jfr.jar:/Library/Java/JavaVirtualMachines/jdk1.8.0_202.jdk/Contents/Home/jre/classes
	sun.boot.library.path = /Library/Java/JavaVirtualMachines/jdk1.8.0_202.jdk/Contents/Home/jre/lib
	sun.cpu.endian = little
	sun.cpu.isalist = 
	sun.io.unicode.encoding = UnicodeBig
	sun.java.command = /Volumes/disque-extension/Temporaire/keycloak-18.0.0/jboss-modules.jar -mp /Volumes/disque-extension/Temporaire/keycloak-18.0.0/modules org.jboss.as.standalone -Djboss.home.dir=/Volumes/disque-extension/Temporaire/keycloak-18.0.0 -Djboss.server.base.dir=/Volumes/disque-extension/Temporaire/keycloak-18.0.0/standalone -b 0.0.0.0 -Djboss.socket.binding.port-offset=1000
	sun.java.launcher = SUN_STANDARD
	sun.jnu.encoding = UTF-8
	sun.management.compiler = HotSpot 64-Bit Tiered Compilers
	sun.os.patch.level = unknown
	user.country = FR
	user.dir = /Volumes/disque-extension/Temporaire/keycloak-18.0.0/bin
	user.home = /Users/diouf
	user.language = fr
	user.name = diouf
	user.timezone = Europe/Paris
2023-02-14 12:52:48,296 DEBUG [org.jboss.as.config] (MSC service thread 1-2) VM Arguments: -D[Standalone] -Xms64m -Xmx512m -XX:MetaspaceSize=96M -XX:MaxMetaspaceSize=256m -Djava.net.preferIPv4Stack=true -Djboss.modules.system.pkgs=org.jboss.byteman -Djava.awt.headless=true -Dorg.jboss.boot.log.file=/Volumes/disque-extension/Temporaire/keycloak-18.0.0/standalone/log/server.log -Dlogging.configuration=file:/Volumes/disque-extension/Temporaire/keycloak-18.0.0/standalone/configuration/logging.properties 
2023-02-14 12:52:49,145 INFO  [org.wildfly.security] (ServerService Thread Pool -- 19) ELY00001: WildFly Elytron version 1.19.0.Final
2023-02-14 12:52:49,935 INFO  [org.jboss.as.server] (Controller Boot Thread) WFLYSRV0039: Creating http management service using socket-binding (management-http)
2023-02-14 12:52:49,959 INFO  [org.xnio] (MSC service thread 1-5) XNIO version 3.8.6.Final
2023-02-14 12:52:49,971 INFO  [org.xnio.nio] (MSC service thread 1-5) XNIO NIO Implementation Version 3.8.6.Final
2023-02-14 12:52:49,994 INFO  [org.jboss.as.jaxrs] (ServerService Thread Pool -- 38) WFLYRS0016: RESTEasy version 4.7.4.Final
2023-02-14 12:52:49,996 INFO  [org.wildfly.extension.health] (ServerService Thread Pool -- 35) WFLYHEALTH0001: Activating Base Health Subsystem
2023-02-14 12:52:50,001 INFO  [org.jboss.as.clustering.infinispan] (ServerService Thread Pool -- 36) WFLYCLINF0001: Activating Infinispan subsystem.
2023-02-14 12:52:50,001 INFO  [org.wildfly.extension.io] (ServerService Thread Pool -- 37) WFLYIO001: Worker 'default' has auto-configured to 16 IO threads with 128 max task threads based on your 8 available processors
2023-02-14 12:52:50,002 WARN  [org.jboss.as.txn] (ServerService Thread Pool -- 49) WFLYTX0013: The node-identifier attribute on the /subsystem=transactions is set to the default value. This is a danger for environments running multiple servers. Please make sure the attribute value is unique.
2023-02-14 12:52:50,018 INFO  [org.jboss.as.naming] (ServerService Thread Pool -- 45) WFLYNAM0001: Activating Naming Subsystem
2023-02-14 12:52:50,033 INFO  [org.jboss.as.connector] (MSC service thread 1-3) WFLYJCA0009: Starting Jakarta Connectors Subsystem (WildFly/IronJacamar 1.5.3.Final)
2023-02-14 12:52:50,037 INFO  [org.wildfly.extension.metrics] (ServerService Thread Pool -- 44) WFLYMETRICS0001: Activating Base Metrics Subsystem
2023-02-14 12:52:50,072 INFO  [org.jboss.as.connector.subsystems.datasources] (ServerService Thread Pool -- 30) WFLYJCA0004: Deploying JDBC-compliant driver class org.h2.Driver (version 1.4)
2023-02-14 12:52:50,085 INFO  [org.jboss.as.connector.deployers.jdbc] (MSC service thread 1-6) WFLYJCA0018: Started Driver service with driver-name = h2
2023-02-14 12:52:50,119 INFO  [org.jboss.as.naming] (MSC service thread 1-2) WFLYNAM0003: Starting Naming Service
2023-02-14 12:52:50,120 INFO  [org.jboss.as.mail.extension] (MSC service thread 1-8) WFLYMAIL0001: Bound mail session [java:jboss/mail/Default]
2023-02-14 12:52:50,121 WARN  [org.wildfly.extension.elytron] (MSC service thread 1-1) WFLYELY00023: KeyStore file '/Volumes/disque-extension/Temporaire/keycloak-18.0.0/standalone/configuration/application.keystore' does not exist. Used blank.
2023-02-14 12:52:50,139 INFO  [org.jboss.remoting] (MSC service thread 1-5) JBoss Remoting version 5.0.24.Final
2023-02-14 12:52:50,141 INFO  [org.wildfly.extension.undertow] (MSC service thread 1-2) WFLYUT0003: Undertow 2.2.16.Final starting
2023-02-14 12:52:50,146 WARN  [org.wildfly.extension.elytron] (MSC service thread 1-6) WFLYELY01084: KeyStore /Volumes/disque-extension/Temporaire/keycloak-18.0.0/standalone/configuration/application.keystore not found, it will be auto generated on first use with a self-signed certificate for host localhost
2023-02-14 12:52:50,165 WARN  [org.wildfly.clustering.web.undertow] (ServerService Thread Pool -- 50) WFLYCLWEBUT0007: No routing provider found for default-server; using legacy provider based on static configuration
2023-02-14 12:52:50,214 INFO  [org.jboss.as.ejb3] (MSC service thread 1-3) WFLYEJB0482: Strict pool mdb-strict-max-pool is using a max instance size of 32 (per class), which is derived from the number of CPUs on this host.
2023-02-14 12:52:50,214 INFO  [org.jboss.as.ejb3] (MSC service thread 1-5) WFLYEJB0481: Strict pool slsb-strict-max-pool is using a max instance size of 128 (per class), which is derived from thread worker pool sizing.
2023-02-14 12:52:50,216 INFO  [org.wildfly.extension.undertow] (ServerService Thread Pool -- 50) WFLYUT0014: Creating file handler for path '/Volumes/disque-extension/Temporaire/keycloak-18.0.0/welcome-content' with options [directory-listing: 'false', follow-symlink: 'false', case-sensitive: 'true', safe-symlink-paths: '[]']
2023-02-14 12:52:50,242 INFO  [org.wildfly.extension.undertow] (MSC service thread 1-1) WFLYUT0012: Started server default-server.
2023-02-14 12:52:50,244 INFO  [org.wildfly.extension.undertow] (MSC service thread 1-8) Queuing requests.
2023-02-14 12:52:50,248 INFO  [org.wildfly.extension.undertow] (MSC service thread 1-8) WFLYUT0018: Host default-host starting
2023-02-14 12:52:50,315 INFO  [org.wildfly.extension.undertow] (MSC service thread 1-8) WFLYUT0006: Undertow HTTP listener default listening on 0.0.0.0:9080
2023-02-14 12:52:50,528 INFO  [org.jboss.as.ejb3] (MSC service thread 1-5) WFLYEJB0493: Jakarta Enterprise Beans subsystem suspension complete
2023-02-14 12:52:50,592 INFO  [org.wildfly.extension.undertow] (MSC service thread 1-5) WFLYUT0006: Undertow HTTPS listener https listening on 0.0.0.0:9443
2023-02-14 12:52:50,613 INFO  [org.jboss.as.connector.subsystems.datasources] (MSC service thread 1-1) WFLYJCA0001: Bound data source [java:jboss/datasources/ExampleDS]
2023-02-14 12:52:50,613 INFO  [org.jboss.as.connector.subsystems.datasources] (MSC service thread 1-8) WFLYJCA0001: Bound data source [java:jboss/datasources/KeycloakDS]
2023-02-14 12:52:50,674 INFO  [org.jboss.as.patching] (MSC service thread 1-1) WFLYPAT0050: Keycloak cumulative patch ID is: base, one-off patches include: none
2023-02-14 12:52:50,679 INFO  [org.jboss.as.server.deployment.scanner] (MSC service thread 1-5) WFLYDS0013: Started FileSystemDeploymentService for directory /Volumes/disque-extension/Temporaire/keycloak-18.0.0/standalone/deployments
2023-02-14 12:52:50,688 INFO  [org.jboss.as.server.deployment] (MSC service thread 1-7) WFLYSRV0027: Starting deployment of "keycloak-server.war" (runtime-name: "keycloak-server.war")
2023-02-14 12:52:51,642 INFO  [org.infinispan.CONTAINER] (ServerService Thread Pool -- 52) ISPN000128: Infinispan version: Infinispan 'Triskaidekaphobia' 13.0.8.Final
2023-02-14 12:52:51,783 INFO  [org.infinispan.CONTAINER] (ServerService Thread Pool -- 52) ISPN000556: Starting user marshaller 'org.wildfly.clustering.infinispan.marshalling.jboss.JBossMarshaller'
2023-02-14 12:52:51,783 INFO  [org.infinispan.CONTAINER] (ServerService Thread Pool -- 53) ISPN000556: Starting user marshaller 'org.wildfly.clustering.infinispan.spi.marshalling.InfinispanProtoStreamMarshaller'
2023-02-14 12:52:52,292 INFO  [org.infinispan.CONFIG] (MSC service thread 1-7) ISPN000152: Passivation configured without an eviction policy being selected. Only manually evicted entities will be passivated.
2023-02-14 12:52:52,295 INFO  [org.infinispan.CONFIG] (MSC service thread 1-7) ISPN000152: Passivation configured without an eviction policy being selected. Only manually evicted entities will be passivated.
2023-02-14 12:52:52,297 INFO  [org.jboss.as.clustering.infinispan] (ServerService Thread Pool -- 63) WFLYCLINF0002: Started work cache from keycloak container
2023-02-14 12:52:52,297 INFO  [org.jboss.as.clustering.infinispan] (ServerService Thread Pool -- 53) WFLYCLINF0002: Started actionTokens cache from keycloak container
2023-02-14 12:52:52,297 INFO  [org.jboss.as.clustering.infinispan] (ServerService Thread Pool -- 61) WFLYCLINF0002: Started authenticationSessions cache from keycloak container
2023-02-14 12:52:52,297 INFO  [org.jboss.as.clustering.infinispan] (ServerService Thread Pool -- 60) WFLYCLINF0002: Started sessions cache from keycloak container
2023-02-14 12:52:52,298 INFO  [org.jboss.as.clustering.infinispan] (ServerService Thread Pool -- 59) WFLYCLINF0002: Started offlineClientSessions cache from keycloak container
2023-02-14 12:52:52,298 INFO  [org.jboss.as.clustering.infinispan] (ServerService Thread Pool -- 54) WFLYCLINF0002: Started loginFailures cache from keycloak container
2023-02-14 12:52:52,298 INFO  [org.jboss.as.clustering.infinispan] (ServerService Thread Pool -- 55) WFLYCLINF0002: Started clientSessions cache from keycloak container
2023-02-14 12:52:52,297 INFO  [org.jboss.as.clustering.infinispan] (ServerService Thread Pool -- 57) WFLYCLINF0002: Started offlineSessions cache from keycloak container
2023-02-14 12:52:52,333 INFO  [org.jboss.as.clustering.infinispan] (ServerService Thread Pool -- 64) WFLYCLINF0002: Started http-remoting-connector cache from ejb container
2023-02-14 12:52:52,344 INFO  [org.jboss.as.clustering.infinispan] (ServerService Thread Pool -- 52) WFLYCLINF0002: Started users cache from keycloak container
2023-02-14 12:52:52,344 INFO  [org.jboss.as.clustering.infinispan] (ServerService Thread Pool -- 58) WFLYCLINF0002: Started realms cache from keycloak container
2023-02-14 12:52:52,344 INFO  [org.jboss.as.clustering.infinispan] (ServerService Thread Pool -- 56) WFLYCLINF0002: Started keys cache from keycloak container
2023-02-14 12:52:52,344 INFO  [org.jboss.as.clustering.infinispan] (ServerService Thread Pool -- 62) WFLYCLINF0002: Started authorization cache from keycloak container
2023-02-14 12:52:52,472 WARN  [org.jboss.as.server.deployment] (MSC service thread 1-5) WFLYSRV0273: Excluded subsystem webservices via jboss-deployment-structure.xml does not exist.
2023-02-14 12:52:52,977 INFO  [org.keycloak.services] (ServerService Thread Pool -- 62) KC-SERVICES0001: Loading config from standalone.xml or domain.xml
2023-02-14 12:52:53,207 INFO  [org.keycloak.url.DefaultHostnameProviderFactory] (ServerService Thread Pool -- 62) Frontend: <request>, Admin: <frontend>, Backend: <request>
2023-02-14 12:52:53,994 INFO  [org.jboss.as.clustering.infinispan] (ServerService Thread Pool -- 62) WFLYCLINF0002: Started realmRevisions cache from keycloak container
2023-02-14 12:52:54,002 INFO  [org.jboss.as.clustering.infinispan] (ServerService Thread Pool -- 62) WFLYCLINF0002: Started userRevisions cache from keycloak container
2023-02-14 12:52:54,010 INFO  [org.jboss.as.clustering.infinispan] (ServerService Thread Pool -- 62) WFLYCLINF0002: Started authorizationRevisions cache from keycloak container
2023-02-14 12:52:54,012 INFO  [org.keycloak.connections.infinispan.DefaultInfinispanConnectionProviderFactory] (ServerService Thread Pool -- 62) Node name: dioufs-mbp, Site name: null
2023-02-14 12:52:59,113 INFO  [org.keycloak.connections.jpa.DefaultJpaConnectionProviderFactory] (ServerService Thread Pool -- 62) Database info: {databaseUrl=jdbc:h2:/Volumes/disque-extension/Temporaire/keycloak-18.0.0/standalone/data/keycloak, databaseUser=SA, databaseProduct=H2 1.4.197 (2018-03-18), databaseDriver=H2 JDBC Driver 1.4.197 (2018-03-18)}
2023-02-14 12:53:00,632 INFO  [org.hibernate.jpa.internal.util.LogHelper] (ServerService Thread Pool -- 62) HHH000204: Processing PersistenceUnitInfo [
	name: keycloak-default
	...]
2023-02-14 12:53:00,756 INFO  [org.hibernate.Version] (ServerService Thread Pool -- 62) HHH000412: Hibernate Core {5.3.24.Final}
2023-02-14 12:53:00,758 INFO  [org.hibernate.cfg.Environment] (ServerService Thread Pool -- 62) HHH000206: hibernate.properties not found
2023-02-14 12:53:01,044 INFO  [org.hibernate.annotations.common.Version] (ServerService Thread Pool -- 62) HCANN000001: Hibernate Commons Annotations {5.0.5.Final}
2023-02-14 12:53:01,274 INFO  [org.hibernate.dialect.Dialect] (ServerService Thread Pool -- 62) HHH000400: Using dialect: org.hibernate.dialect.H2Dialect
2023-02-14 12:53:01,331 INFO  [org.hibernate.envers.boot.internal.EnversServiceImpl] (ServerService Thread Pool -- 62) Envers integration enabled? : true
2023-02-14 12:53:01,663 INFO  [org.hibernate.orm.beans] (ServerService Thread Pool -- 62) HHH10005002: No explicit CDI BeanManager reference was passed to Hibernate, but CDI is available on the Hibernate ClassLoader.
2023-02-14 12:53:01,998 INFO  [org.hibernate.validator.internal.util.Version] (ServerService Thread Pool -- 62) HV000001: Hibernate Validator 6.0.23.Final
2023-02-14 12:53:03,643 INFO  [org.hibernate.hql.internal.QueryTranslatorFactoryInitiator] (ServerService Thread Pool -- 62) HHH000397: Using ASTQueryTranslatorFactory
2023-02-14 12:53:05,472 INFO  [org.jboss.resteasy.resteasy_jaxrs.i18n] (ServerService Thread Pool -- 62) RESTEASY002225: Deploying javax.ws.rs.core.Application: class org.keycloak.services.resources.KeycloakApplication
2023-02-14 12:53:05,475 INFO  [org.jboss.resteasy.resteasy_jaxrs.i18n] (ServerService Thread Pool -- 62) RESTEASY002200: Adding class resource org.keycloak.services.resources.JsResource from Application class org.keycloak.services.resources.KeycloakApplication
2023-02-14 12:53:05,476 INFO  [org.jboss.resteasy.resteasy_jaxrs.i18n] (ServerService Thread Pool -- 62) RESTEASY002205: Adding provider class org.keycloak.services.error.KeycloakErrorHandler from Application class org.keycloak.services.resources.KeycloakApplication
2023-02-14 12:53:05,476 INFO  [org.jboss.resteasy.resteasy_jaxrs.i18n] (ServerService Thread Pool -- 62) RESTEASY002200: Adding class resource org.keycloak.services.resources.ThemeResource from Application class org.keycloak.services.resources.KeycloakApplication
2023-02-14 12:53:05,477 INFO  [org.jboss.resteasy.resteasy_jaxrs.i18n] (ServerService Thread Pool -- 62) RESTEASY002205: Adding provider class org.keycloak.services.filters.KeycloakSecurityHeadersFilter from Application class org.keycloak.services.resources.KeycloakApplication
2023-02-14 12:53:05,477 INFO  [org.jboss.resteasy.resteasy_jaxrs.i18n] (ServerService Thread Pool -- 62) RESTEASY002205: Adding provider class org.keycloak.services.error.KcUnrecognizedPropertyExceptionHandler from Application class org.keycloak.services.resources.KeycloakApplication
2023-02-14 12:53:05,477 INFO  [org.jboss.resteasy.resteasy_jaxrs.i18n] (ServerService Thread Pool -- 62) RESTEASY002220: Adding singleton resource org.keycloak.services.resources.admin.AdminRoot from Application class org.keycloak.services.resources.KeycloakApplication
2023-02-14 12:53:05,477 INFO  [org.jboss.resteasy.resteasy_jaxrs.i18n] (ServerService Thread Pool -- 62) RESTEASY002220: Adding singleton resource org.keycloak.services.resources.WelcomeResource from Application class org.keycloak.services.resources.KeycloakApplication
2023-02-14 12:53:05,479 INFO  [org.jboss.resteasy.resteasy_jaxrs.i18n] (ServerService Thread Pool -- 62) RESTEASY002220: Adding singleton resource org.keycloak.services.resources.RobotsResource from Application class org.keycloak.services.resources.KeycloakApplication
2023-02-14 12:53:05,479 INFO  [org.jboss.resteasy.resteasy_jaxrs.i18n] (ServerService Thread Pool -- 62) RESTEASY002220: Adding singleton resource org.keycloak.services.resources.RealmsResource from Application class org.keycloak.services.resources.KeycloakApplication
2023-02-14 12:53:05,479 INFO  [org.jboss.resteasy.resteasy_jaxrs.i18n] (ServerService Thread Pool -- 62) RESTEASY002210: Adding provider singleton org.keycloak.services.util.ObjectMapperResolver from Application class org.keycloak.services.resources.KeycloakApplication
2023-02-14 12:53:05,592 INFO  [org.wildfly.extension.undertow] (ServerService Thread Pool -- 62) WFLYUT0021: Registered web context: '/auth' for server 'default-server'
2023-02-14 12:53:05,685 INFO  [org.jboss.as.server] (ServerService Thread Pool -- 42) WFLYSRV0010: Deployed "keycloak-server.war" (runtime-name : "keycloak-server.war")
2023-02-14 12:53:05,734 INFO  [org.jboss.as.server] (Controller Boot Thread) WFLYSRV0212: Resuming server
2023-02-14 12:53:05,736 INFO  [org.jboss.as] (Controller Boot Thread) WFLYSRV0025: Keycloak 18.0.0 (WildFly Core 18.1.0.Final) started in 18897ms - Started 573 of 851 services (576 services are lazy, passive or on-demand) - Server configuration file in use: standalone.xml
2023-02-14 12:53:05,739 INFO  [org.jboss.as] (Controller Boot Thread) WFLYSRV0060: Http management interface listening on http://127.0.0.1:10990/management
2023-02-14 12:53:05,739 INFO  [org.jboss.as] (Controller Boot Thread) WFLYSRV0051: Admin console listening on http://127.0.0.1:10990
2023-02-14 12:54:14,916 WARN  [org.keycloak.events] (default task-2) type=LOGIN_ERROR, realmId=PSYCHOLOGUE-DU-MONDE, clientId=angular, userId=null, ipAddress=127.0.0.1, error=invalid_redirect_uri, redirect_uri=http://localhost:4200/
2023-02-14 12:54:57,219 WARN  [org.keycloak.events] (default task-4) type=LOGIN_ERROR, realmId=PSYCHOLOGUE-DU-MONDE, clientId=angular, userId=null, ipAddress=127.0.0.1, error=user_not_found, auth_method=openid-connect, auth_type=code, redirect_uri=http://localhost:4800/, code_id=998e9291-1d1b-42e5-bf86-57822fd8f4e5, username=diouf, authSessionParentId=998e9291-1d1b-42e5-bf86-57822fd8f4e5, authSessionTabId=gC17KOA7q7I
2023-02-14 13:09:06,982 INFO  [org.jboss.modules] (main) JBoss Modules version 2.0.2.Final
2023-02-14 13:09:07,705 INFO  [org.jboss.msc] (main) JBoss MSC version 1.4.13.Final
2023-02-14 13:09:07,730 INFO  [org.jboss.threads] (main) JBoss Threads version 2.4.0.Final
2023-02-14 13:09:07,933 INFO  [org.jboss.as] (MSC service thread 1-2) WFLYSRV0049: Keycloak 18.0.0 (WildFly Core 18.1.0.Final) starting
2023-02-14 13:09:07,935 DEBUG [org.jboss.as.config] (MSC service thread 1-2) Configured system properties:
	[Standalone] = 
	awt.toolkit = sun.lwawt.macosx.LWCToolkit
	file.encoding = UTF-8
	file.encoding.pkg = sun.io
	file.separator = /
	ftp.nonProxyHosts = local|*.local|169.254/16|*.169.254/16
	gopherProxySet = false
	http.nonProxyHosts = local|*.local|169.254/16|*.169.254/16
	java.awt.graphicsenv = sun.awt.CGraphicsEnvironment
	java.awt.headless = true
	java.awt.printerjob = sun.lwawt.macosx.CPrinterJob
	java.class.path = /Volumes/disque-extension/Temporaire/keycloak-18.0.0/jboss-modules.jar
	java.class.version = 52.0
	java.endorsed.dirs = /Library/Java/JavaVirtualMachines/jdk1.8.0_202.jdk/Contents/Home/jre/lib/endorsed
	java.ext.dirs = /Users/diouf/Library/Java/Extensions:/Library/Java/JavaVirtualMachines/jdk1.8.0_202.jdk/Contents/Home/jre/lib/ext:/Library/Java/Extensions:/Network/Library/Java/Extensions:/System/Library/Java/Extensions:/usr/lib/java
	java.home = /Library/Java/JavaVirtualMachines/jdk1.8.0_202.jdk/Contents/Home/jre
	java.io.tmpdir = /var/folders/s_/_rlmpg1158l5rxm9b24dlm9w0000gn/T/
	java.library.path = /Users/diouf/Library/Java/Extensions:/Library/Java/Extensions:/Network/Library/Java/Extensions:/System/Library/Java/Extensions:/usr/lib/java:.
	java.net.preferIPv4Stack = true
	java.runtime.name = Java(TM) SE Runtime Environment
	java.runtime.version = 1.8.0_202-b08
	java.specification.name = Java Platform API Specification
	java.specification.vendor = Oracle Corporation
	java.specification.version = 1.8
	java.util.logging.manager = org.jboss.logmanager.LogManager
	java.vendor = Oracle Corporation
	java.vendor.url = http://java.oracle.com/
	java.vendor.url.bug = http://bugreport.sun.com/bugreport/
	java.version = 1.8.0_202
	java.vm.info = mixed mode
	java.vm.name = Java HotSpot(TM) 64-Bit Server VM
	java.vm.specification.name = Java Virtual Machine Specification
	java.vm.specification.vendor = Oracle Corporation
	java.vm.specification.version = 1.8
	java.vm.vendor = Oracle Corporation
	java.vm.version = 25.202-b08
	javax.management.builder.initial = org.jboss.as.jmx.PluggableMBeanServerBuilder
	jboss.bind.address = 0.0.0.0
	jboss.home.dir = /Volumes/disque-extension/Temporaire/keycloak-18.0.0
	jboss.host.name = dioufs-mbp
	jboss.modules.dir = /Volumes/disque-extension/Temporaire/keycloak-18.0.0/modules
	jboss.modules.system.pkgs = org.jboss.byteman
	jboss.node.name = dioufs-mbp
	jboss.qualified.host.name = dioufs-mbp
	jboss.server.base.dir = /Volumes/disque-extension/Temporaire/keycloak-18.0.0/standalone
	jboss.server.config.dir = /Volumes/disque-extension/Temporaire/keycloak-18.0.0/standalone/configuration
	jboss.server.data.dir = /Volumes/disque-extension/Temporaire/keycloak-18.0.0/standalone/data
	jboss.server.deploy.dir = /Volumes/disque-extension/Temporaire/keycloak-18.0.0/standalone/data/content
	jboss.server.log.dir = /Volumes/disque-extension/Temporaire/keycloak-18.0.0/standalone/log
	jboss.server.name = dioufs-mbp
	jboss.server.persist.config = true
	jboss.server.temp.dir = /Volumes/disque-extension/Temporaire/keycloak-18.0.0/standalone/tmp
	jboss.socket.binding.port-offset = 1000
	line.separator = 

	logging.configuration = file:/Volumes/disque-extension/Temporaire/keycloak-18.0.0/standalone/configuration/logging.properties
	module.path = /Volumes/disque-extension/Temporaire/keycloak-18.0.0/modules
	org.jboss.boot.log.file = /Volumes/disque-extension/Temporaire/keycloak-18.0.0/standalone/log/server.log
	org.jboss.resolver.warning = true
	os.arch = x86_64
	os.name = Mac OS X
	os.version = 10.16
	path.separator = :
	socksNonProxyHosts = local|*.local|169.254/16|*.169.254/16
	sun.arch.data.model = 64
	sun.boot.class.path = /Library/Java/JavaVirtualMachines/jdk1.8.0_202.jdk/Contents/Home/jre/lib/resources.jar:/Library/Java/JavaVirtualMachines/jdk1.8.0_202.jdk/Contents/Home/jre/lib/rt.jar:/Library/Java/JavaVirtualMachines/jdk1.8.0_202.jdk/Contents/Home/jre/lib/sunrsasign.jar:/Library/Java/JavaVirtualMachines/jdk1.8.0_202.jdk/Contents/Home/jre/lib/jsse.jar:/Library/Java/JavaVirtualMachines/jdk1.8.0_202.jdk/Contents/Home/jre/lib/jce.jar:/Library/Java/JavaVirtualMachines/jdk1.8.0_202.jdk/Contents/Home/jre/lib/charsets.jar:/Library/Java/JavaVirtualMachines/jdk1.8.0_202.jdk/Contents/Home/jre/lib/jfr.jar:/Library/Java/JavaVirtualMachines/jdk1.8.0_202.jdk/Contents/Home/jre/classes
	sun.boot.library.path = /Library/Java/JavaVirtualMachines/jdk1.8.0_202.jdk/Contents/Home/jre/lib
	sun.cpu.endian = little
	sun.cpu.isalist = 
	sun.io.unicode.encoding = UnicodeBig
	sun.java.command = /Volumes/disque-extension/Temporaire/keycloak-18.0.0/jboss-modules.jar -mp /Volumes/disque-extension/Temporaire/keycloak-18.0.0/modules org.jboss.as.standalone -Djboss.home.dir=/Volumes/disque-extension/Temporaire/keycloak-18.0.0 -Djboss.server.base.dir=/Volumes/disque-extension/Temporaire/keycloak-18.0.0/standalone -b 0.0.0.0 -Djboss.socket.binding.port-offset=1000
	sun.java.launcher = SUN_STANDARD
	sun.jnu.encoding = UTF-8
	sun.management.compiler = HotSpot 64-Bit Tiered Compilers
	sun.os.patch.level = unknown
	user.country = FR
	user.dir = /Volumes/disque-extension/Temporaire/keycloak-18.0.0/bin
	user.home = /Users/diouf
	user.language = fr
	user.name = diouf
	user.timezone = Europe/Paris
2023-02-14 13:09:07,936 DEBUG [org.jboss.as.config] (MSC service thread 1-2) VM Arguments: -D[Standalone] -Xms64m -Xmx512m -XX:MetaspaceSize=96M -XX:MaxMetaspaceSize=256m -Djava.net.preferIPv4Stack=true -Djboss.modules.system.pkgs=org.jboss.byteman -Djava.awt.headless=true -Dorg.jboss.boot.log.file=/Volumes/disque-extension/Temporaire/keycloak-18.0.0/standalone/log/server.log -Dlogging.configuration=file:/Volumes/disque-extension/Temporaire/keycloak-18.0.0/standalone/configuration/logging.properties 
2023-02-14 13:09:08,858 INFO  [org.wildfly.security] (ServerService Thread Pool -- 19) ELY00001: WildFly Elytron version 1.19.0.Final
2023-02-14 13:09:09,717 INFO  [org.jboss.as.server] (Controller Boot Thread) WFLYSRV0039: Creating http management service using socket-binding (management-http)
2023-02-14 13:09:09,744 INFO  [org.xnio] (MSC service thread 1-7) XNIO version 3.8.6.Final
2023-02-14 13:09:09,756 INFO  [org.xnio.nio] (MSC service thread 1-7) XNIO NIO Implementation Version 3.8.6.Final
2023-02-14 13:09:09,777 INFO  [org.jboss.as.clustering.infinispan] (ServerService Thread Pool -- 36) WFLYCLINF0001: Activating Infinispan subsystem.
2023-02-14 13:09:09,777 INFO  [org.jboss.as.jaxrs] (ServerService Thread Pool -- 38) WFLYRS0016: RESTEasy version 4.7.4.Final
2023-02-14 13:09:09,789 WARN  [org.jboss.as.txn] (ServerService Thread Pool -- 49) WFLYTX0013: The node-identifier attribute on the /subsystem=transactions is set to the default value. This is a danger for environments running multiple servers. Please make sure the attribute value is unique.
2023-02-14 13:09:09,795 INFO  [org.wildfly.extension.io] (ServerService Thread Pool -- 37) WFLYIO001: Worker 'default' has auto-configured to 16 IO threads with 128 max task threads based on your 8 available processors
2023-02-14 13:09:09,799 INFO  [org.wildfly.extension.health] (ServerService Thread Pool -- 35) WFLYHEALTH0001: Activating Base Health Subsystem
2023-02-14 13:09:09,803 INFO  [org.jboss.as.naming] (ServerService Thread Pool -- 45) WFLYNAM0001: Activating Naming Subsystem
2023-02-14 13:09:09,815 INFO  [org.wildfly.extension.metrics] (ServerService Thread Pool -- 44) WFLYMETRICS0001: Activating Base Metrics Subsystem
2023-02-14 13:09:09,836 INFO  [org.jboss.as.connector] (MSC service thread 1-2) WFLYJCA0009: Starting Jakarta Connectors Subsystem (WildFly/IronJacamar 1.5.3.Final)
2023-02-14 13:09:09,874 INFO  [org.jboss.as.naming] (MSC service thread 1-6) WFLYNAM0003: Starting Naming Service
2023-02-14 13:09:09,876 INFO  [org.jboss.as.mail.extension] (MSC service thread 1-2) WFLYMAIL0001: Bound mail session [java:jboss/mail/Default]
2023-02-14 13:09:09,891 INFO  [org.jboss.as.connector.subsystems.datasources] (ServerService Thread Pool -- 30) WFLYJCA0004: Deploying JDBC-compliant driver class org.h2.Driver (version 1.4)
2023-02-14 13:09:09,893 INFO  [org.wildfly.extension.undertow] (MSC service thread 1-3) WFLYUT0003: Undertow 2.2.16.Final starting
2023-02-14 13:09:09,908 INFO  [org.jboss.as.connector.deployers.jdbc] (MSC service thread 1-8) WFLYJCA0018: Started Driver service with driver-name = h2
2023-02-14 13:09:09,919 WARN  [org.wildfly.extension.elytron] (MSC service thread 1-8) WFLYELY00023: KeyStore file '/Volumes/disque-extension/Temporaire/keycloak-18.0.0/standalone/configuration/application.keystore' does not exist. Used blank.
2023-02-14 13:09:09,920 WARN  [org.wildfly.clustering.web.undertow] (ServerService Thread Pool -- 50) WFLYCLWEBUT0007: No routing provider found for default-server; using legacy provider based on static configuration
2023-02-14 13:09:09,936 INFO  [org.jboss.remoting] (MSC service thread 1-2) JBoss Remoting version 5.0.24.Final
2023-02-14 13:09:09,937 WARN  [org.wildfly.extension.elytron] (MSC service thread 1-7) WFLYELY01084: KeyStore /Volumes/disque-extension/Temporaire/keycloak-18.0.0/standalone/configuration/application.keystore not found, it will be auto generated on first use with a self-signed certificate for host localhost
2023-02-14 13:09:09,982 INFO  [org.jboss.as.ejb3] (MSC service thread 1-3) WFLYEJB0481: Strict pool slsb-strict-max-pool is using a max instance size of 128 (per class), which is derived from thread worker pool sizing.
2023-02-14 13:09:09,983 INFO  [org.jboss.as.ejb3] (MSC service thread 1-4) WFLYEJB0482: Strict pool mdb-strict-max-pool is using a max instance size of 32 (per class), which is derived from the number of CPUs on this host.
2023-02-14 13:09:09,983 INFO  [org.wildfly.extension.undertow] (ServerService Thread Pool -- 50) WFLYUT0014: Creating file handler for path '/Volumes/disque-extension/Temporaire/keycloak-18.0.0/welcome-content' with options [directory-listing: 'false', follow-symlink: 'false', case-sensitive: 'true', safe-symlink-paths: '[]']
2023-02-14 13:09:10,008 INFO  [org.wildfly.extension.undertow] (MSC service thread 1-1) WFLYUT0012: Started server default-server.
2023-02-14 13:09:10,010 INFO  [org.wildfly.extension.undertow] (MSC service thread 1-6) Queuing requests.
2023-02-14 13:09:10,011 INFO  [org.wildfly.extension.undertow] (MSC service thread 1-6) WFLYUT0018: Host default-host starting
2023-02-14 13:09:10,072 INFO  [org.wildfly.extension.undertow] (MSC service thread 1-1) WFLYUT0006: Undertow HTTP listener default listening on 0.0.0.0:9080
2023-02-14 13:09:10,315 INFO  [org.jboss.as.ejb3] (MSC service thread 1-6) WFLYEJB0493: Jakarta Enterprise Beans subsystem suspension complete
2023-02-14 13:09:10,404 INFO  [org.wildfly.extension.undertow] (MSC service thread 1-6) WFLYUT0006: Undertow HTTPS listener https listening on 0.0.0.0:9443
2023-02-14 13:09:10,436 INFO  [org.jboss.as.connector.subsystems.datasources] (MSC service thread 1-3) WFLYJCA0001: Bound data source [java:jboss/datasources/KeycloakDS]
2023-02-14 13:09:10,436 INFO  [org.jboss.as.connector.subsystems.datasources] (MSC service thread 1-5) WFLYJCA0001: Bound data source [java:jboss/datasources/ExampleDS]
2023-02-14 13:09:10,512 INFO  [org.jboss.as.patching] (MSC service thread 1-4) WFLYPAT0050: Keycloak cumulative patch ID is: base, one-off patches include: none
2023-02-14 13:09:10,516 INFO  [org.jboss.as.server.deployment.scanner] (MSC service thread 1-3) WFLYDS0013: Started FileSystemDeploymentService for directory /Volumes/disque-extension/Temporaire/keycloak-18.0.0/standalone/deployments
2023-02-14 13:09:10,527 INFO  [org.jboss.as.server.deployment] (MSC service thread 1-5) WFLYSRV0027: Starting deployment of "keycloak-server.war" (runtime-name: "keycloak-server.war")
2023-02-14 13:09:11,565 INFO  [org.infinispan.CONTAINER] (ServerService Thread Pool -- 52) ISPN000128: Infinispan version: Infinispan 'Triskaidekaphobia' 13.0.8.Final
2023-02-14 13:09:11,718 INFO  [org.infinispan.CONTAINER] (ServerService Thread Pool -- 52) ISPN000556: Starting user marshaller 'org.wildfly.clustering.infinispan.marshalling.jboss.JBossMarshaller'
2023-02-14 13:09:11,718 INFO  [org.infinispan.CONTAINER] (ServerService Thread Pool -- 53) ISPN000556: Starting user marshaller 'org.wildfly.clustering.infinispan.spi.marshalling.InfinispanProtoStreamMarshaller'
2023-02-14 13:09:12,266 INFO  [org.infinispan.CONFIG] (MSC service thread 1-6) ISPN000152: Passivation configured without an eviction policy being selected. Only manually evicted entities will be passivated.
2023-02-14 13:09:12,267 INFO  [org.infinispan.CONFIG] (MSC service thread 1-6) ISPN000152: Passivation configured without an eviction policy being selected. Only manually evicted entities will be passivated.
2023-02-14 13:09:12,278 INFO  [org.jboss.as.clustering.infinispan] (ServerService Thread Pool -- 57) WFLYCLINF0002: Started loginFailures cache from keycloak container
2023-02-14 13:09:12,278 INFO  [org.jboss.as.clustering.infinispan] (ServerService Thread Pool -- 55) WFLYCLINF0002: Started work cache from keycloak container
2023-02-14 13:09:12,278 INFO  [org.jboss.as.clustering.infinispan] (ServerService Thread Pool -- 61) WFLYCLINF0002: Started offlineSessions cache from keycloak container
2023-02-14 13:09:12,279 INFO  [org.jboss.as.clustering.infinispan] (ServerService Thread Pool -- 54) WFLYCLINF0002: Started clientSessions cache from keycloak container
2023-02-14 13:09:12,279 INFO  [org.jboss.as.clustering.infinispan] (ServerService Thread Pool -- 63) WFLYCLINF0002: Started offlineClientSessions cache from keycloak container
2023-02-14 13:09:12,281 INFO  [org.jboss.as.clustering.infinispan] (ServerService Thread Pool -- 53) WFLYCLINF0002: Started actionTokens cache from keycloak container
2023-02-14 13:09:12,281 INFO  [org.jboss.as.clustering.infinispan] (ServerService Thread Pool -- 59) WFLYCLINF0002: Started authenticationSessions cache from keycloak container
2023-02-14 13:09:12,283 INFO  [org.jboss.as.clustering.infinispan] (ServerService Thread Pool -- 58) WFLYCLINF0002: Started sessions cache from keycloak container
2023-02-14 13:09:12,306 INFO  [org.jboss.as.clustering.infinispan] (ServerService Thread Pool -- 64) WFLYCLINF0002: Started http-remoting-connector cache from ejb container
2023-02-14 13:09:12,331 INFO  [org.jboss.as.clustering.infinispan] (ServerService Thread Pool -- 62) WFLYCLINF0002: Started keys cache from keycloak container
2023-02-14 13:09:12,332 INFO  [org.jboss.as.clustering.infinispan] (ServerService Thread Pool -- 56) WFLYCLINF0002: Started users cache from keycloak container
2023-02-14 13:09:12,332 INFO  [org.jboss.as.clustering.infinispan] (ServerService Thread Pool -- 60) WFLYCLINF0002: Started realms cache from keycloak container
2023-02-14 13:09:12,331 INFO  [org.jboss.as.clustering.infinispan] (ServerService Thread Pool -- 52) WFLYCLINF0002: Started authorization cache from keycloak container
2023-02-14 13:09:12,467 WARN  [org.jboss.as.server.deployment] (MSC service thread 1-3) WFLYSRV0273: Excluded subsystem webservices via jboss-deployment-structure.xml does not exist.
2023-02-14 13:09:12,952 INFO  [org.keycloak.services] (ServerService Thread Pool -- 52) KC-SERVICES0001: Loading config from standalone.xml or domain.xml
2023-02-14 13:09:13,154 INFO  [org.keycloak.url.DefaultHostnameProviderFactory] (ServerService Thread Pool -- 52) Frontend: <request>, Admin: <frontend>, Backend: <request>
2023-02-14 13:09:13,989 INFO  [org.jboss.as.clustering.infinispan] (ServerService Thread Pool -- 52) WFLYCLINF0002: Started realmRevisions cache from keycloak container
2023-02-14 13:09:13,994 INFO  [org.jboss.as.clustering.infinispan] (ServerService Thread Pool -- 52) WFLYCLINF0002: Started userRevisions cache from keycloak container
2023-02-14 13:09:14,001 INFO  [org.jboss.as.clustering.infinispan] (ServerService Thread Pool -- 52) WFLYCLINF0002: Started authorizationRevisions cache from keycloak container
2023-02-14 13:09:14,002 INFO  [org.keycloak.connections.infinispan.DefaultInfinispanConnectionProviderFactory] (ServerService Thread Pool -- 52) Node name: dioufs-mbp, Site name: null
2023-02-14 13:09:18,352 INFO  [org.keycloak.connections.jpa.DefaultJpaConnectionProviderFactory] (ServerService Thread Pool -- 52) Database info: {databaseUrl=jdbc:h2:/Volumes/disque-extension/Temporaire/keycloak-18.0.0/standalone/data/keycloak, databaseUser=SA, databaseProduct=H2 1.4.197 (2018-03-18), databaseDriver=H2 JDBC Driver 1.4.197 (2018-03-18)}
2023-02-14 13:09:19,729 INFO  [org.hibernate.jpa.internal.util.LogHelper] (ServerService Thread Pool -- 52) HHH000204: Processing PersistenceUnitInfo [
	name: keycloak-default
	...]
2023-02-14 13:09:19,851 INFO  [org.hibernate.Version] (ServerService Thread Pool -- 52) HHH000412: Hibernate Core {5.3.24.Final}
2023-02-14 13:09:19,853 INFO  [org.hibernate.cfg.Environment] (ServerService Thread Pool -- 52) HHH000206: hibernate.properties not found
2023-02-14 13:09:20,147 INFO  [org.hibernate.annotations.common.Version] (ServerService Thread Pool -- 52) HCANN000001: Hibernate Commons Annotations {5.0.5.Final}
2023-02-14 13:09:20,393 INFO  [org.hibernate.dialect.Dialect] (ServerService Thread Pool -- 52) HHH000400: Using dialect: org.hibernate.dialect.H2Dialect
2023-02-14 13:09:20,451 INFO  [org.hibernate.envers.boot.internal.EnversServiceImpl] (ServerService Thread Pool -- 52) Envers integration enabled? : true
2023-02-14 13:09:20,770 INFO  [org.hibernate.orm.beans] (ServerService Thread Pool -- 52) HHH10005002: No explicit CDI BeanManager reference was passed to Hibernate, but CDI is available on the Hibernate ClassLoader.
2023-02-14 13:09:21,064 INFO  [org.hibernate.validator.internal.util.Version] (ServerService Thread Pool -- 52) HV000001: Hibernate Validator 6.0.23.Final
2023-02-14 13:09:22,255 INFO  [org.hibernate.hql.internal.QueryTranslatorFactoryInitiator] (ServerService Thread Pool -- 52) HHH000397: Using ASTQueryTranslatorFactory
2023-02-14 13:09:23,451 INFO  [org.jboss.resteasy.resteasy_jaxrs.i18n] (ServerService Thread Pool -- 52) RESTEASY002225: Deploying javax.ws.rs.core.Application: class org.keycloak.services.resources.KeycloakApplication
2023-02-14 13:09:23,453 INFO  [org.jboss.resteasy.resteasy_jaxrs.i18n] (ServerService Thread Pool -- 52) RESTEASY002200: Adding class resource org.keycloak.services.resources.ThemeResource from Application class org.keycloak.services.resources.KeycloakApplication
2023-02-14 13:09:23,453 INFO  [org.jboss.resteasy.resteasy_jaxrs.i18n] (ServerService Thread Pool -- 52) RESTEASY002205: Adding provider class org.keycloak.services.error.KcUnrecognizedPropertyExceptionHandler from Application class org.keycloak.services.resources.KeycloakApplication
2023-02-14 13:09:23,454 INFO  [org.jboss.resteasy.resteasy_jaxrs.i18n] (ServerService Thread Pool -- 52) RESTEASY002205: Adding provider class org.keycloak.services.filters.KeycloakSecurityHeadersFilter from Application class org.keycloak.services.resources.KeycloakApplication
2023-02-14 13:09:23,455 INFO  [org.jboss.resteasy.resteasy_jaxrs.i18n] (ServerService Thread Pool -- 52) RESTEASY002200: Adding class resource org.keycloak.services.resources.JsResource from Application class org.keycloak.services.resources.KeycloakApplication
2023-02-14 13:09:23,455 INFO  [org.jboss.resteasy.resteasy_jaxrs.i18n] (ServerService Thread Pool -- 52) RESTEASY002205: Adding provider class org.keycloak.services.error.KeycloakErrorHandler from Application class org.keycloak.services.resources.KeycloakApplication
2023-02-14 13:09:23,455 INFO  [org.jboss.resteasy.resteasy_jaxrs.i18n] (ServerService Thread Pool -- 52) RESTEASY002220: Adding singleton resource org.keycloak.services.resources.RealmsResource from Application class org.keycloak.services.resources.KeycloakApplication
2023-02-14 13:09:23,455 INFO  [org.jboss.resteasy.resteasy_jaxrs.i18n] (ServerService Thread Pool -- 52) RESTEASY002220: Adding singleton resource org.keycloak.services.resources.admin.AdminRoot from Application class org.keycloak.services.resources.KeycloakApplication
2023-02-14 13:09:23,455 INFO  [org.jboss.resteasy.resteasy_jaxrs.i18n] (ServerService Thread Pool -- 52) RESTEASY002220: Adding singleton resource org.keycloak.services.resources.WelcomeResource from Application class org.keycloak.services.resources.KeycloakApplication
2023-02-14 13:09:23,455 INFO  [org.jboss.resteasy.resteasy_jaxrs.i18n] (ServerService Thread Pool -- 52) RESTEASY002220: Adding singleton resource org.keycloak.services.resources.RobotsResource from Application class org.keycloak.services.resources.KeycloakApplication
2023-02-14 13:09:23,456 INFO  [org.jboss.resteasy.resteasy_jaxrs.i18n] (ServerService Thread Pool -- 52) RESTEASY002210: Adding provider singleton org.keycloak.services.util.ObjectMapperResolver from Application class org.keycloak.services.resources.KeycloakApplication
2023-02-14 13:09:23,560 INFO  [org.wildfly.extension.undertow] (ServerService Thread Pool -- 52) WFLYUT0021: Registered web context: '/auth' for server 'default-server'
2023-02-14 13:09:23,634 INFO  [org.jboss.as.server] (ServerService Thread Pool -- 42) WFLYSRV0010: Deployed "keycloak-server.war" (runtime-name : "keycloak-server.war")
2023-02-14 13:09:23,672 INFO  [org.jboss.as.server] (Controller Boot Thread) WFLYSRV0212: Resuming server
2023-02-14 13:09:23,674 INFO  [org.jboss.as] (Controller Boot Thread) WFLYSRV0025: Keycloak 18.0.0 (WildFly Core 18.1.0.Final) started in 17278ms - Started 573 of 851 services (576 services are lazy, passive or on-demand) - Server configuration file in use: standalone.xml
2023-02-14 13:09:23,677 INFO  [org.jboss.as] (Controller Boot Thread) WFLYSRV0060: Http management interface listening on http://127.0.0.1:10990/management
2023-02-14 13:09:23,677 INFO  [org.jboss.as] (Controller Boot Thread) WFLYSRV0051: Admin console listening on http://127.0.0.1:10990
